<?xml version="1.0" encoding="UTF-8"?>
<!-- Generated by org.testng.reporters.JUnitReportReporter -->
<testsuite hostname="DESKTOP-MB88GO5" failures="0" tests="4" name="TestPack.testNgClass2" time="12.786" errors="0" timestamp="2022-02-14T09:50:57 IST" skipped="0">
  <testcase classname="TestPack.testNgClass2" name="toVerifyWorkScheduled" time="1.656"/>
  <system-out/>
  <testcase classname="TestPack.testNgClass2" name="toVerifyTaskUsers" time="4.758"/>
  <system-out/>
  <testcase classname="TestPack.testNgClass2" name="toVerifyTaskUsers" time="5.499"/>
  <system-out/>
  <testcase classname="TestPack.testNgClass2" name="toVerifyWorkScheduled" time="0.873"/>
  <system-out/>
</testsuite> <!-- TestPack.testNgClass2 -->
