<?xml version="1.0" encoding="UTF-8"?>
<!-- Generated by org.testng.reporters.JUnitReportReporter -->
<testsuite hostname="DESKTOP-MB88GO5" failures="0" tests="2" name="testNgClass2" time="4.984" errors="0" timestamp="2022-02-11T10:43:29 IST" skipped="0">
  <testcase classname="testNgClass2" name="toVerifyWorkScheduled" time="2.384"/>
  <system-out/>
  <testcase classname="testNgClass2" name="toVerifyTaskUsers" time="2.600"/>
  <system-out/>
</testsuite> <!-- testNgClass2 -->
