<?xml version="1.0" encoding="UTF-8"?>
<!-- Generated by org.testng.reporters.JUnitReportReporter -->
<testsuite hostname="DESKTOP-MB88GO5" failures="0" tests="2" name="testNgClass1" time="8.569" errors="0" timestamp="2022-02-11T10:30:13 IST" skipped="0">
  <testcase classname="testNgClass1" name="toVerifyReportsButton" time="3.628"/>
  <system-out/>
  <testcase classname="testNgClass1" name="toVerifyTaskButton" time="4.941"/>
  <system-out/>
</testsuite> <!-- testNgClass1 -->
