<?xml version="1.0" encoding="UTF-8"?>
<!-- Generated by org.testng.reporters.JUnitReportReporter -->
<testsuite hostname="DESKTOP-MB88GO5" failures="0" tests="4" name="TestPack.testNgClass1" time="21.456" errors="0" timestamp="2022-02-14T09:50:58 IST" skipped="0">
  <testcase classname="TestPack.testNgClass1" name="toVerifyTaskButton" time="1.377"/>
  <system-out/>
  <testcase classname="TestPack.testNgClass1" name="toVerifyReportsButton" time="9.686"/>
  <system-out/>
  <testcase classname="TestPack.testNgClass1" name="toVerifyReportsButton" time="8.946"/>
  <system-out/>
  <testcase classname="TestPack.testNgClass1" name="toVerifyTaskButton" time="1.447"/>
  <system-out/>
</testsuite> <!-- TestPack.testNgClass1 -->
